Script started on 2025-11-05 02:06:07+07:00 [TERM="dumb" TTY="/dev/pts/184" COLUMNS="124" LINES="9"]
eltex-pg1-v13@eltex-2025-autumn:~$ ls
ls	     lsblk	  lscpu	       lsinitramfs  lsirq	 lslogins     lsmod	   lsof		lsusb
lsattr	     lsb_release  lsfd	       lsipc	    lslocks	 lsmem	      lsns	   lspci
eltex-pg1-v13@eltex-2025-autumn:~$ echo $HIST
$HISTCMD       $HISTCONTROL   $HISTFILE	     $HISTFILESIZE  $HISTSIZE
eltex-pg1-v13@eltex-2025-autumn:~$ echo $HISTFILESIZE
2000
eltex-pg1-v13@eltex-2025-autumn:~$ ls--d~~/.*
/home/eltex-pg1-v13/.bash_history  /home/eltex-pg1-v13/.bashrc	/home/eltex-pg1-v13/.local    /home/eltex-pg1-v13/.ssh
/home/eltex-pg1-v13/.bash_logout   /home/eltex-pg1-v13/.config	/home/eltex-pg1-v13/.profile  /home/eltex-pg1-v13/.viminfo
eltex-pg1-v13@eltex-2025-autumn:~$ export HISTTIMEFORMAT="%d/%m/%y %T "
eltex-pg1-v13@eltex-2025-autumn:~$ history 3
  459  05/11/25 02:07:40 ls -d ~/.*
  460  05/11/25 02:08:25 export HISTTIMEFORMAT="%d/%m/%y %T "
  461  05/11/25 02:08:32 history 3
eltex-pg1-v13@eltex-2025-autumn:~$ date
Wed Nov	 5 02:10:00 AM +07 2025
eltex-pg1-v13@eltex-2025-autumn:~$ history2
  462  05/11/25 02:10:00 date
  463  05/11/25 02:10:14 history 2
eltex-pg1-v13@eltex-2025-autumn:~$ grep "date" ~/.bash_history
date
grep "date" ~/.bash_history
DATE=$(date +%d/%m/%Y)
TIME=$(date +%H:%M)
export PS1='\u@\h-$(date +%H:%M)> '
export PS1='\u@\h-$(date +%H:%M)> '
PS1='\u@\h-$(date +%H:%M)> '
for month in {01..12}; do mkdir -p "$(date +%Y)-$month"; done
END_TIME="(date -d "$BOOT_TIME + 20 seconds" '+%F %T')"
END_TIME="$(date -d "$BOOT_TIME + 20 seconds" '+%F %T')"
END_TIME="(date -d "$BOOT_TIME 20 seconds" '+%F %T')"
END_TIME="$(date -d "$BOOT_TIME + 20 seconds" '+%F %T')"
END_TIME="$(date -d "$BOOT_TIME + 20 seconds" '+%F %T')"
BOOT_TS=$(date -d "$BOOT_TIME" +%s)
BOOT_TIME_FMT=$(date -d "@$BOOT_TS" '+%F %T')
END_TIME_FMT=$(date -d "@$END_TS" '+%F %T')
eltex-pg1-v13@eltex-2025-autumn:~$ tail -5 ~/.bash_history
TERM=dumb script -q -a practice2_${MYUSER}_part1.log
ssh root@172.16.9.187
exit
ssh root@172.16.9.187
exit
eltex-pg1-v13@eltex-2025-autumn:~$ export PROMPT_COMMAND='history -a'
eltex-pg1-v13@eltex-2025-autumn:~$ echo "test command"
test command
eltex-pg1-v13@eltex-2025-autumn:~$ tail -5 ~/.bash_history
tail -5 ~/.bash_history
#1762283492
export PROMPT_COMMAND='history -a'
#1762283503
echo "test command"
eltex-pg1-v13@eltex-2025-autumn:~$ DATE=$(date +%d/%m/%Y)
eltex-pg1-v13@eltex-2025-autumn:~$ TIME=$(date +%H:%M)
eltex-pg1-v13@eltex-2025-autumn:~$ echo $DATE
05/11/2025
eltex-pg1-v13@eltex-2025-autumn:~$ echo $TIME
02:12
eltex-pg1-v13@eltex-2025-autumn:~$ DATE_TIME="$DATE $TIME"
eltex-pg1-v13@eltex-2025-autumn:~$ echo $DATE_TIME
05/11/2025 02:12
eltex-pg1-v13@eltex-2025-autumn:~$ ls /bin /sbin | grep '[0-9]'
addr2line
b2sum
base32
base64
bunzip2
bzip2
bzip2recover
c89
c89-gcc
c99
c99-gcc
cpan5.36-x86_64-linux-gnu
cpp-12
diff3
enc2xs
gcc-12
gcc-ar-12
gcc-nm-12
gcc-ranlib-12
gcov-12
gcov-dump-12
gcov-tool-12
grub-menulst2cfg
grub-mkpasswd-pbkdf2
grub-syslinux2cfg
h2ph
h2xs
i386
linux32
linux64
lto-dump-12
md5sum
md5sum.textutils
pdb3
pdb3.11
perl5.36.0
perl5.36-x86_64-linux-gnu
ping4
ping6
pl2pm
pod2html
pod2man
pod2text
pod2usage
py3clean
py3compile
py3versions
pydoc3
pydoc3.11
pygettext3
pygettext3.11
python3
python3.11
sha1sum
sha224sum
sha256sum
sha384sum
sha512sum
ssh-argv0
systemd-id128
traceroute6
traceroute6.db
x86_64
x86_64-linux-gnu-addr2line
x86_64-linux-gnu-ar
x86_64-linux-gnu-as
x86_64-linux-gnu-c++filt
x86_64-linux-gnu-cpp
x86_64-linux-gnu-cpp-12
x86_64-linux-gnu-dwp
x86_64-linux-gnu-elfedit
x86_64-linux-gnu-gcc
x86_64-linux-gnu-gcc-12
x86_64-linux-gnu-gcc-ar
x86_64-linux-gnu-gcc-ar-12
x86_64-linux-gnu-gcc-nm
x86_64-linux-gnu-gcc-nm-12
x86_64-linux-gnu-gcc-ranlib
x86_64-linux-gnu-gcc-ranlib-12
x86_64-linux-gnu-gcov
x86_64-linux-gnu-gcov-12
x86_64-linux-gnu-gcov-dump
x86_64-linux-gnu-gcov-dump-12
x86_64-linux-gnu-gcov-tool
x86_64-linux-gnu-gcov-tool-12
x86_64-linux-gnu-gold
x86_64-linux-gnu-gp-archive
x86_64-linux-gnu-gp-collect-app
x86_64-linux-gnu-gp-display-html
x86_64-linux-gnu-gp-display-src
x86_64-linux-gnu-gp-display-text
x86_64-linux-gnu-gprof
x86_64-linux-gnu-gprofng
x86_64-linux-gnu-ld
x86_64-linux-gnu-ld.bfd
x86_64-linux-gnu-ld.gold
x86_64-linux-gnu-lto-dump
x86_64-linux-gnu-lto-dump-12
x86_64-linux-gnu-nm
x86_64-linux-gnu-objcopy
x86_64-linux-gnu-objdump
x86_64-linux-gnu-ranlib
x86_64-linux-gnu-readelf
x86_64-linux-gnu-size
x86_64-linux-gnu-strings
x86_64-linux-gnu-strip
dumpe2fs
e2freefrag
e2fsck
e2image
e2label
e2mmpstatus
e2scrub
e2scrub_all
e2undo
e4crypt
e4defrag
fsck.ext2
fsck.ext3
fsck.ext4
killall5
mke2fs
mkfs.ext2
mkfs.ext3
mkfs.ext4
resize2fs
tune2fs
update-grub2
eltex-pg1-v13@eltex-2025-autumn:~$ export PS1='\u@\h-$(date +%H:%M)> '
eltex-pg1-v13@eltex-2025-autumn-02:15> export PS1
eltex-pg1-v13@eltex-2025-autumn-02:15> bash
eltex-pg1-v13@eltex-2025-autumn:~$ echo $PS1
${debian_chroot:+($debian_chroot)}\u@\h:\w\$
eltex-pg1-v13@eltex-2025-autumn:~$ exit
exit
eltex-pg1-v13@eltex-2025-autumn-02:15> bash --norc
eltex-pg1-v13@eltex-2025-autumn-02:15> for month in {01..12}; do mkdir -p"$(date +%Y)-$month"; done
eltex-pg1-v13@eltex-2025-autumn-02:16> ls
2025-01	 2025-04  2025-07  2025-10  D1				   eltex-pg1-v13_part3.log	      report_part1.txt
2025-02	 2025-05  2025-08  2025-11  eltex-pg1-v13_part2.log	   practice2_eltex-pg1-v13_part1.log
2025-03	 2025-06  2025-09  2025-12  eltex-pg1-v13_part3_gt50M.log  practice2_eltex-pg1-v13_part2.log
eltex-pg1-v13@eltex-2025-autumn-02:17> exit
exit
eltex-pg1-v13@eltex-2025-autumn-02:17> exit
exit

Script done on 2025-11-05 02:17:15+07:00 [COMMAND_EXIT_CODE="0"]
